<?xml version="1.0" encoding="UTF-8" ?>
<testsuite errors="1" failures="0" hostname="IN02" name="aillament.BotigaTest" skipped="0" tests="1" time="0.101" timestamp="2020-01-22T14:54:58">
  <properties>
    <property name="netbeans.autoupdate.country" value="ES" />
    <property name="javac.test.classpath" value="lib/jmockit-coverage.jar:lib/jmockit.jar:build/classes:C:\NetBeans\platform\modules\ext\junit-4.12.jar:C:\NetBeans\platform\modules\ext\hamcrest-core-1.3.jar" />
    <property name="file.reference.jmockit.jar" value="lib/jmockit.jar" />
    <property name="javac.test.sourcepath" value="E:\Docencia\Material_Moduls\M5_ED\repoGit\ICX0_M05_ED_19_20\UF2\7_TheHoseOfIfs\build\empty" />
    <property name="ant.core.lib" value="C:\NetBeans\extide\ant\lib\ant.jar" />
    <property name="javadoc.windowtitle" value="" />
    <property name="user.dir" value="E:\Docencia\Material_Moduls\M5_ED\repoGit\ICX0_M05_ED_19_20\UF2\7_TheHoseOfIfs" />
    <property name="java.vm.version" value="25.172-b11" />
    <property name="libs.eclipselinkmodelgen.src" value="" />
    <property name="javadoc.notree" value="false" />
    <property name="netbeans.autoupdate.version" value="1.23" />
    <property name="ant.file.type.Enunciat-impl" value="file" />
    <property name="javac.profile.cmd.line.arg" value="" />
    <property name="jdk.home" value="C:\Program Files\Java\jdk-10.0.1" />
    <property name="libs.javac-api.src" value="" />
    <property name="javadoc.noindex" value="false" />
    <property name="sun.os.patch.level" value="" />
    <property name="do.archive+manifest.available" value="true" />
    <property name="java.vm.specification.name" value="Java Virtual Machine Specification" />
    <property name="nb.show.statistics.ui" value="usageStatisticsEnabled" />
    <property name="netbeans.autoupdate.variant" value="" />
    <property name="have.tests" value="true" />
    <property name="org.xml.sax.driver" value="com.sun.org.apache.xerces.internal.jaxp.SAXParserImpl$JAXPSAXParser" />
    <property name="libs.hamcrest.classpath" value="C:\NetBeans\platform\modules\ext\hamcrest-core-1.3.jar" />
    <property name="libs.javac-api.javadoc" value="" />
    <property name="os.name" value="Windows 10" />
    <property name="ap.proc.none.internal" value="" />
    <property name="libs.JWSAntTasks.maven-pom" value="" />
    <property name="libs.testng.src" value="" />
    <property name="java.vendor.url.bug" value="http://bugreport.sun.com/bugreport/" />
    <property name="libs.jaxb.maven-pom" value="" />
    <property name="os.arch" value="amd64" />
    <property name="libs.eclipselink.src" value="" />
    <property name="user.name" value="Usuari" />
    <property name="copylibs.rebase" value="true" />
    <property name="sun.java.command" value="org.apache.tools.ant.taskdefs.optional.junit.JUnitTestRunner aillament.BotigaTest skipNonTests=false filtertrace=true haltOnError=false haltOnFailure=false showoutput=true outputtoformatters=true logfailedtests=true threadid=0 logtestlistenerevents=true formatter=org.apache.tools.ant.taskdefs.optional.junit.BriefJUnitResultFormatter formatter=org.apache.tools.ant.taskdefs.optional.junit.XMLJUnitResultFormatter,E:\Docencia\Material_Moduls\M5_ED\repoGit\ICX0_M05_ED_19_20\UF2\7_TheHoseOfIfs\build\test\results\TEST-aillament.BotigaTest.xml crashfile=E:\Docencia\Material_Moduls\M5_ED\repoGit\ICX0_M05_ED_19_20\UF2\7_TheHoseOfIfs\build\junitvmwatcher6821797187344529673.properties propsfile=E:\Docencia\Material_Moduls\M5_ED\repoGit\ICX0_M05_ED_19_20\UF2\7_TheHoseOfIfs\build\junit6705086555541543177.properties" />
    <property name="build.classes.dir" value="build/classes" />
    <property name="netbeans.accept_license_class" value="org.netbeans.license.AcceptLicense" />
    <property name="build.sysclasspath" value="ignore" />
    <property name="manifest.encoding" value="windows-1250" />
    <property name="ap.supported.internal" value="true" />
    <property name="java.failonerror" value="true" />
    <property name="run.modulepath" value="" />
    <property name="libs.jaxws21.javadoc" value="C:\NetBeans\java\docs\jaxws-api-doc.zip" />
    <property name="jdk.debug" value="release" />
    <property name="includes" value="**" />
    <property name="user.country" value="ES" />
    <property name="manifest.file" value="manifest.mf" />
    <property name="javadoc.encoding" value="windows-1250" />
    <property name="platform.home" value="C:\Program Files\Java\jdk1.8.0_172" />
    <property name="javac.classpath" value="lib/jmockit-coverage.jar:lib/jmockit.jar" />
    <property name="libs.spring-framework400.classpath" value="C:\NetBeans\ide\modules\org-apache-commons-logging.jar;C:\NetBeans\java\modules\ext\cglib-2.2.jar;C:\NetBeans\java\modules\ext\spring-4\spring-aop-4.0.1.RELEASE.jar;C:\NetBeans\java\modules\ext\spring-4\spring-aspects-4.0.1.RELEASE.jar;C:\NetBeans\java\modules\ext\spring-4\spring-beans-4.0.1.RELEASE.jar;C:\NetBeans\java\modules\ext\spring-4\spring-build-src-4.0.1.RELEASE.jar;C:\NetBeans\java\modules\ext\spring-4\spring-context-4.0.1.RELEASE.jar;C:\NetBeans\java\modules\ext\spring-4\spring-context-support-4.0.1.RELEASE.jar;C:\NetBeans\java\modules\ext\spring-4\spring-core-4.0.1.RELEASE.jar;C:\NetBeans\java\modules\ext\spring-4\spring-expression-4.0.1.RELEASE.jar;C:\NetBeans\java\modules\ext\spring-4\spring-framework-bom-4.0.1.RELEASE.jar;C:\NetBeans\java\modules\ext\spring-4\spring-instrument-4.0.1.RELEASE.jar;C:\NetBeans\java\modules\ext\spring-4\spring-instrument-tomcat-4.0.1.RELEASE.jar;C:\NetBeans\java\modules\ext\spring-4\spring-jdbc-4.0.1.RELEASE.jar;C:\NetBeans\java\modules\ext\spring-4\spring-jms-4.0.1.RELEASE.jar;C:\NetBeans\java\modules\ext\spring-4\spring-messaging-4.0.1.RELEASE.jar;C:\NetBeans\java\modules\ext\spring-4\spring-orm-4.0.1.RELEASE.jar;C:\NetBeans\java\modules\ext\spring-4\spring-oxm-4.0.1.RELEASE.jar;C:\NetBeans\java\modules\ext\spring-4\spring-test-4.0.1.RELEASE.jar;C:\NetBeans\java\modules\ext\spring-4\spring-tx-4.0.1.RELEASE.jar;C:\NetBeans\java\modules\ext\spring-4\spring-web-4.0.1.RELEASE.jar;C:\NetBeans\java\modules\ext\spring-4\spring-webmvc-4.0.1.RELEASE.jar;C:\NetBeans\java\modules\ext\spring-4\spring-webmvc-portlet-4.0.1.RELEASE.jar;C:\NetBeans\java\modules\ext\spring-4\spring-websocket-4.0.1.RELEASE.jar" />
    <property name="platform.bootcp" value="C:\Program Files\Java\jdk1.8.0_172\jre\lib\resources.jar;C:\Program Files\Java\jdk1.8.0_172\jre\lib\rt.jar;C:\Program Files\Java\jdk1.8.0_172\jre\lib\sunrsasign.jar;C:\Program Files\Java\jdk1.8.0_172\jre\lib\jsse.jar;C:\Program Files\Java\jdk1.8.0_172\jre\lib\jce.jar;C:\Program Files\Java\jdk1.8.0_172\jre\lib\charsets.jar;C:\Program Files\Java\jdk1.8.0_172\jre\lib\jfr.jar;C:\Program Files\Java\jdk1.8.0_172\jre\classes;C:\Program Files\Java\jdk1.8.0_172\jre\lib\ext\access-bridge-64.jar;C:\Program Files\Java\jdk1.8.0_172\jre\lib\ext\cldrdata.jar;C:\Program Files\Java\jdk1.8.0_172\jre\lib\ext\dnsns.jar;C:\Program Files\Java\jdk1.8.0_172\jre\lib\ext\jaccess.jar;C:\Program Files\Java\jdk1.8.0_172\jre\lib\ext\jfxrt.jar;C:\Program Files\Java\jdk1.8.0_172\jre\lib\ext\localedata.jar;C:\Program Files\Java\jdk1.8.0_172\jre\lib\ext\nashorn.jar;C:\Program Files\Java\jdk1.8.0_172\jre\lib\ext\sunec.jar;C:\Program Files\Java\jdk1.8.0_172\jre\lib\ext\sunjce_provider.jar;C:\Program Files\Java\jdk1.8.0_172\jre\lib\ext\sunmscapi.jar;C:\Program Files\Java\jdk1.8.0_172\jre\lib\ext\sunpkcs11.jar;C:\Program Files\Java\jdk1.8.0_172\jre\lib\ext\zipfs.jar" />
    <property name="debug-transport" value="dt_shmem" />
    <property name="netbeans.home" value="C:\NetBeans\platform" />
    <property name="build.compiler.emacs" value="true" />
    <property name="javac.modulepath" value="" />
    <property name="java.endorsed.dirs" value="C:\Program Files\Java\jdk1.8.0_172\jre\lib\endorsed" />
    <property name="netbeans.dynamic.classpath" value="C:\NetBeans\platform\core\asm-all-5.0.1.jar;C:\NetBeans\platform\core\core-base.jar;C:\NetBeans\platform\core\core.jar;C:\NetBeans\platform\core\org-netbeans-libs-asm.jar;C:\NetBeans\platform\core\org-openide-filesystems-compat8.jar;C:\NetBeans\platform\core\org-openide-filesystems.jar;C:\NetBeans\nb\core\org-netbeans-upgrader.jar;C:\NetBeans\nb\core\locale\core_nb.jar" />
    <property name="java.vm.specification.version" value="1.8" />
    <property name="plugin.manager.check.updates" value="false" />
    <property name="netbeans.productversion" value="Apache NetBeans IDE Dev (Build incubator-netbeans-release-302-on-20180517)" />
    <property name="libs.jaxws21.src" value="" />
    <property name="application.title" value="Enunciat" />
    <property name="do.archive" value="true" />
    <property name="netbeans.autoupdate.language" value="ca" />
    <property name="java.vendor" value="Oracle Corporation" />
    <property name="jar.index.metainf" value="false" />
    <property name="javac.debug" value="true" />
    <property name="javadoc.splitindex" value="true" />
    <property name="file.separator" value="\" />
    <property name="libs.junit_4.maven-pom" value="" />
    <property name="mkdist.disabled" value="false" />
    <property name="javac.test.processorpath" value="lib/jmockit-coverage.jar:lib/jmockit.jar:build/classes:C:\NetBeans\platform\modules\ext\junit-4.12.jar:C:\NetBeans\platform\modules\ext\hamcrest-core-1.3.jar" />
    <property name="netbeans.buildnumber" value="incubator-netbeans-release-302-on-20180517" />
    <property name="libs.JWSAntTasks.javadoc" value="" />
    <property name="build.generated.sources.dir" value="build/generated-sources" />
    <property name="user.variant" value="" />
    <property name="platforms.JDK_1.6__32_bits_.bootclasspath" value="C:\Program Files (x86)\Adobe\Adobe Dreamweaver CS5.5\JDK\jre\lib\resources.jar;C:\Program Files (x86)\Adobe\Adobe Dreamweaver CS5.5\JDK\jre\lib\rt.jar;C:\Program Files (x86)\Adobe\Adobe Dreamweaver CS5.5\JDK\jre\lib\sunrsasign.jar;C:\Program Files (x86)\Adobe\Adobe Dreamweaver CS5.5\JDK\jre\lib\jsse.jar;C:\Program Files (x86)\Adobe\Adobe Dreamweaver CS5.5\JDK\jre\lib\jce.jar;C:\Program Files (x86)\Adobe\Adobe Dreamweaver CS5.5\JDK\jre\lib\charsets.jar;C:\Program Files (x86)\Adobe\Adobe Dreamweaver CS5.5\JDK\jre\lib\modules\jdk.boot.jar;C:\Program Files (x86)\Adobe\Adobe Dreamweaver CS5.5\JDK\jre\classes;C:\Program Files (x86)\Adobe\Adobe Dreamweaver CS5.5\JDK\jre\lib\ext\dnsns.jar;C:\Program Files (x86)\Adobe\Adobe Dreamweaver CS5.5\JDK\jre\lib\ext\localedata.jar;C:\Program Files (x86)\Adobe\Adobe Dreamweaver CS5.5\JDK\jre\lib\ext\sunjce_provider.jar;C:\Program Files (x86)\Adobe\Adobe Dreamweaver CS5.5\JDK\jre\lib\ext\sunmscapi.jar;C:\Program Files (x86)\Adobe\Adobe Dreamweaver CS5.5\JDK\jre\lib\ext\sunpkcs11.jar" />
    <property name="libs.eclipselinkmodelgen.classpath" value="C:\NetBeans\java\modules\ext\eclipselink\org.eclipse.persistence.jpa.modelgen.processor-2.5.2.jar" />
    <property name="sun.java.launcher" value="SUN_STANDARD" />
    <property name="libs.jaxb.javadoc" value="C:\NetBeans\ide\docs\jaxb-api-2.2.5-javadoc.jar" />
    <property name="ant.home" value="C:\NetBeans\extide\ant" />
    <property name="libs.junit_4.src" value="C:\NetBeans\platform\docs\junit-4.12-sources.jar" />
    <property name="libs.testng.classpath" value="C:\NetBeans\platform\modules\ext\testng-6.8.1-dist.jar" />
    <property name="libs.absolutelayout.maven-pom" value="" />
    <property name="ant.java.version" value="9" />
    <property name="java.library.path" value="C:\Program Files\Java\jdk1.8.0_172\bin;C:\WINDOWS\Sun\Java\bin;C:\WINDOWS\system32;C:\WINDOWS;C:\Program Files (x86)\Common Files\Oracle\Java\javapath;C:\Program Files (x86)\Intel\iCLS Client\;C:\Program Files\Intel\iCLS Client\;C:\ORACLE\INSTANTCLIENT_11_2_0_3_0_WIN64;C:\WINDOWS\SYSTEM32;C:\WINDOWS;C:\WINDOWS\SYSTEM32\WBEM;C:\WINDOWS\SYSTEM32\WINDOWSPOWERSHELL\V1.0\;C:\PROGRAM FILES\MYSQL\MYSQL SERVER 5.1\BIN;C:\PROGRAM FILES (X86)\ATI TECHNOLOGIES\ATI.ACE\CORE-STATIC;C:\PROGRAM FILES (X86)\ANDROID\ANDROID-SDK\TOOLS;C:\PROGRAM FILES (X86)\ANDROID\ANDROID-SDK\PLATFORM-TOOLS;C:\PROGRAM FILES\TORTOISESVN\BIN;C:\PROGRAM FILES (X86)\GIT\CMD;C:\WINDOWS\system32;C:\WINDOWS\System32\Wbem;C:\Users\Usuari\.dnx\bin;C:\Program Files\Microsoft DNX\Dnvm\;C:\Program Files (x86)\NVIDIA Corporation\PhysX\Common;C:\MinGW\msys\1.0\bin;C:\Program Files (x86)\Intel\Intel(R) Management Engine Components\DAL;C:\Program Files\Intel\Intel(R) Management Engine Components\DAL;C:\Program Files (x86)\Intel\Intel(R) Management Engine Components\IPT;C:\Program Files\Intel\Intel(R) Management Engine Components\IPT;C:\WINDOWS\system32;C:\WINDOWS;C:\WINDOWS\System32\Wbem;C:\WINDOWS\System32\WindowsPowerShell\v1.0\;C:\WINDOWS\System32\OpenSSH\;C:\Program Files (x86)\Windows Kits\10\Windows Performance Toolkit\;C:\Program Files\Microsoft SQL Server\Client SDK\ODBC\130\Tools\Binn\;C:\Program Files (x86)\Microsoft SQL Server\140\Tools\Binn\;C:\Program Files\Microsoft SQL Server\140\Tools\Binn\;C:\Program Files\Microsoft SQL Server\140\DTS\Binn\;C:\Program Files\dotnet\;C:\Program Files\Microsoft SQL Server\130\Tools\Binn\;C:\Program Files\MySQL\MySQL Server 8.0\bin;C:\Program Files\PostgreSQL\10\bin;C:\Program Files (x86)\GitExtensions\;C:\Program Files\Git\cmd;C:\Users\Usuari\AppData\Local\Microsoft\WindowsApps;;C:\Users\Usuari\AppData\Local\Programs\Microsoft VS Code\bin;." />
    <property name="javadoc.author" value="false" />
    <property name="java.util.logging.config.class" value="org.netbeans.core.startup.TopLogging" />
    <property name="libs.spring-framework400.src" value="" />
    <property name="libs.PostgreSQLDriver.src" value="" />
    <property name="sun.arch.data.model" value="64" />
    <property name="basedir" value="E:\Docencia\Material_Moduls\M5_ED\repoGit\ICX0_M05_ED_19_20\UF2\7_TheHoseOfIfs" />
    <property name="libs.jpa20-persistence.maven-pom" value="" />
    <property name="jar.compress" value="false" />
    <property name="path.separator" value=";" />
    <property name="ant.junit.enabletestlistenerevents" value="true" />
    <property name="platform.javac" value="C:\Program Files\Java\jdk1.8.0_172/bin/javac" />
    <property name="sun.io.unicode.encoding" value="UnicodeLittle" />
    <property name="libs.jaxws21.classpath" value="C:\NetBeans\java\modules\ext\jaxws22\FastInfoset.jar;C:\NetBeans\java\modules\ext\jaxws22\gmbal-api-only.jar;C:\NetBeans\java\modules\ext\jaxws22\ha-api.jar;C:\NetBeans\java\modules\ext\jaxws22\javax.mail_1.4.jar;C:\NetBeans\java\modules\ext\jaxws22\jaxws-rt.jar;C:\NetBeans\java\modules\ext\jaxws22\jaxws-tools.jar;C:\NetBeans\java\modules\ext\jaxws22\management-api.jar;C:\NetBeans\java\modules\ext\jaxws22\mimepull.jar;C:\NetBeans\java\modules\ext\jaxws22\policy.jar;C:\NetBeans\java\modules\ext\jaxws22\saaj-impl.jar;C:\NetBeans\java\modules\ext\jaxws22\stax-ex.jar;C:\NetBeans\java\modules\ext\jaxws22\stax2-api.jar;C:\NetBeans\java\modules\ext\jaxws22\streambuffer.jar;C:\NetBeans\java\modules\ext\jaxws22\woodstox-core-asl.jar;C:\NetBeans\java\modules\ext\jaxws22\api\jaxws-api.jar;C:\NetBeans\java\modules\ext\jaxws22\api\jsr181-api.jar;C:\NetBeans\java\modules\ext\jaxws22\api\javax.annotation.jar;C:\NetBeans\java\modules\ext\jaxws22\api\saaj-api.jar;C:\NetBeans\ide\modules\ext\jaxb\activation.jar;C:\NetBeans\ide\modules\ext\jaxb\api\jaxb-api.jar" />
    <property name="compile.on.save" value="true" />
    <property name="apple.awt.graphics.UseQuartz" value="true" />
    <property name="user.language" value="ca" />
    <property name="testng.mode" value="testng" />
    <property name="libs.JAXB-ENDORSED.maven-pom" value="" />
    <property name="libs.eclipselink.maven-pom" value="" />
    <property name="org.netbeans.io.suspend" value="0" />
    <property name="application.vendor" value="bernat" />
    <property name="platforms.JDK_1.6__32_bits_.compiler" value="modern" />
    <property name="test.binaryincludes" value="&lt;nothing&gt;" />
    <property name="manifest.available" value="true" />
    <property name="libs.spring-framework300.maven-pom" value="" />
    <property name="platforms.JDK_1.8__64_bits_.compiler" value="modern" />
    <property name="run.test.classpath" value="lib/jmockit-coverage.jar:lib/jmockit.jar:build/classes:C:\NetBeans\platform\modules\ext\junit-4.12.jar:C:\NetBeans\platform\modules\ext\hamcrest-core-1.3.jar:build/test/classes" />
    <property name="ant.project.invoked-targets" value="test" />
    <property name="test.binaryexcludes" value="" />
    <property name="sun.java2d.dpiaware" value="true" />
    <property name="https.nonProxyHosts" value="localhost|127.0.0.1|IN02" />
    <property name="libs.PostgreSQLDriver.maven-pom" value="" />
    <property name="java.class.version" value="52.0" />
    <property name="libs.eclipselink.javadoc" value="C:\NetBeans\java\modules\ext\docs\javax.persistence-2.1.0-doc.zip" />
    <property name="user.properties.file" value="C:\Users\Usuari\AppData\Roaming\NetBeans\dev\build.properties" />
    <property name="runtime.encoding" value="windows-1250" />
    <property name="libs.javac-api.maven-pom" value="" />
    <property name="coverage-metrics" value="all" />
    <property name="file.encoding.pkg" value="sun.io" />
    <property name="sun.cpu.endian" value="little" />
    <property name="libs.JAXB-ENDORSED.javadoc" value="" />
    <property name="libs.JWSAntTasks.classpath" value="C:\NetBeans\java\ant\extra\org-netbeans-modules-javawebstart-anttasks.jar" />
    <property name="libs.spring-framework300.src" value="" />
    <property name="empty.dir" value="E:\Docencia\Material_Moduls\M5_ED\repoGit\ICX0_M05_ED_19_20\UF2\7_TheHoseOfIfs\build\empty" />
    <property name="test.binarytestincludes" value="" />
    <property name="javadoc.preview" value="true" />
    <property name="libs.jpa20-persistence.javadoc" value="C:\NetBeans\java\modules\ext\docs\javax.persistence-2.1.0-doc.zip" />
    <property name="java.home" value="C:\Program Files\Java\jdk1.8.0_172\jre" />
    <property name="debug.test.classpath" value="lib/jmockit-coverage.jar:lib/jmockit.jar:build/classes:C:\NetBeans\platform\modules\ext\junit-4.12.jar:C:\NetBeans\platform\modules\ext\hamcrest-core-1.3.jar:build/test/classes" />
    <property name="netbeans.importclass" value="org.netbeans.upgrade.AutoUpgrade" />
    <property name="ant.project.default-target" value="default" />
    <property name="annotation.processing.run.all.processors" value="true" />
    <property name="platforms.JDK_1.8__64_bits_.bootclasspath" value="C:\Program Files\Java\jdk1.8.0_172\jre\lib\resources.jar;C:\Program Files\Java\jdk1.8.0_172\jre\lib\rt.jar;C:\Program Files\Java\jdk1.8.0_172\jre\lib\sunrsasign.jar;C:\Program Files\Java\jdk1.8.0_172\jre\lib\jsse.jar;C:\Program Files\Java\jdk1.8.0_172\jre\lib\jce.jar;C:\Program Files\Java\jdk1.8.0_172\jre\lib\charsets.jar;C:\Program Files\Java\jdk1.8.0_172\jre\lib\jfr.jar;C:\Program Files\Java\jdk1.8.0_172\jre\classes;C:\Program Files\Java\jdk1.8.0_172\jre\lib\ext\access-bridge-64.jar;C:\Program Files\Java\jdk1.8.0_172\jre\lib\ext\cldrdata.jar;C:\Program Files\Java\jdk1.8.0_172\jre\lib\ext\dnsns.jar;C:\Program Files\Java\jdk1.8.0_172\jre\lib\ext\jaccess.jar;C:\Program Files\Java\jdk1.8.0_172\jre\lib\ext\jfxrt.jar;C:\Program Files\Java\jdk1.8.0_172\jre\lib\ext\localedata.jar;C:\Program Files\Java\jdk1.8.0_172\jre\lib\ext\nashorn.jar;C:\Program Files\Java\jdk1.8.0_172\jre\lib\ext\sunec.jar;C:\Program Files\Java\jdk1.8.0_172\jre\lib\ext\sunjce_provider.jar;C:\Program Files\Java\jdk1.8.0_172\jre\lib\ext\sunmscapi.jar;C:\Program Files\Java\jdk1.8.0_172\jre\lib\ext\sunpkcs11.jar;C:\Program Files\Java\jdk1.8.0_172\jre\lib\ext\zipfs.jar" />
    <property name="libs.PostgreSQLDriver.javadoc" value="" />
    <property name="platforms.JDK_1.6__64_bits_.home" value="C:\Program Files\jasperreports-server-cp-5.1.0\java" />
    <property name="netbeans.extbrowser.manual_chrome_plugin_install" value="yes" />
    <property name="http.nonProxyHosts" value="localhost|127.0.0.1|IN02" />
    <property name="libs.junit_4.javadoc" value="C:\NetBeans\platform\docs\junit-4.12-javadoc.jar" />
    <property name="javac.test.modulepath" value="" />
    <property name="run.classpath" value="lib/jmockit-coverage.jar:lib/jmockit.jar:build/classes" />
    <property name="jna.boot.library.name" value="jnidispatch-440" />
    <property name="sun.awt.datatransfer.timeout" value="1000" />
    <property name="annotation.processing.enabled.in.editor" value="false" />
    <property name="nb.native.filechooser" value="false" />
    <property name="sun.management.compiler" value="HotSpot 64-Bit Tiered Compilers" />
    <property name="javac.deprecation" value="false" />
    <property name="javadoc.use" value="true" />
    <property name="sun.java2d.noddraw" value="true" />
    <property name="javac.processorpath" value="lib/jmockit-coverage.jar:lib/jmockit.jar" />
    <property name="libs.hamcrest.maven-pom" value="" />
    <property name="javac.compilerargs" value="" />
    <property name="ant.file" value="E:\Docencia\Material_Moduls\M5_ED\repoGit\ICX0_M05_ED_19_20\UF2\7_TheHoseOfIfs\build.xml" />
    <property name="java.vm.specification.vendor" value="Oracle Corporation" />
    <property name="org.openide.major.version" value="IDE/1" />
    <property name="java.vm.name" value="Java HotSpot(TM) 64-Bit Server VM" />
    <property name="netbeans.user" value="C:\Users\Usuari\AppData\Roaming\NetBeans\dev" />
    <property name="javadoc.additionalparam" value="" />
    <property name="java.io.tmpdir" value="C:\Users\Usuari\AppData\Local\Temp\" />
    <property name="java.vendor.url" value="http://java.oracle.com/" />
    <property name="endorsed.classpath.cmd.line.arg" value="" />
    <property name="jna.loaded" value="true" />
    <property name="junit.available" value="true" />
    <property name="do.jlink" value="false" />
    <property name="org.openide.awt.ActionReference.completion" value="org.netbeans.modules.apisupport.project.layers.PathCompletions" />
    <property name="sun.boot.library.path" value="C:\Program Files\Java\jdk1.8.0_172\jre\bin" />
    <property name="have.sources" value="true" />
    <property name="libs.hamcrest.javadoc" value="" />
    <property name="debug.classpath" value="lib/jmockit-coverage.jar:lib/jmockit.jar:build/classes" />
    <property name="javac.external.vm" value="false" />
    <property name="javadoc.private" value="false" />
    <property name="test.src.dir" value="test" />
    <property name="java.vendor.version" value="18.3" />
    <property name="ap.processors.internal" value="" />
    <property name="meta.inf.dir" value="src/META-INF" />
    <property name="javadoc.encoding.used" value="windows-1250" />
    <property name="dist.jar" value="dist/Enunciat.jar" />
    <property name="libs.spring-framework400.maven-pom" value="" />
    <property name="java.runtime.name" value="Java(TM) SE Runtime Environment" />
    <property name="debug.test.modulepath" value="" />
    <property name="ant.project.name" value="Enunciat" />
    <property name="netbeans.hash.code" value="unique=037481671-9c2a-4667-af47-8e0487dc399c_a5092140-77b4-47ca-9f16-b3dcfad2148f" />
    <property name="netbeans.default_userdir_root" value="C:\Users\Usuari\AppData\Roaming\NetBeans" />
    <property name="platform.javadoc" value="C:\Program Files\Java\jdk1.8.0_172/bin/javadoc" />
    <property name="junit.selected.version" value="4" />
    <property name="platform.javadoc.tmp" value="${platforms.JDK_1.8__64_bits_.javadoc}" />
    <property name="sun.cpu.isalist" value="amd64" />
    <property name="libs.spring-framework400.javadoc" value="" />
    <property name="libs.CopyLibs.javadoc" value="" />
    <property name="platform.compiler" value="${platforms.JDK_1.8__64_bits_.compile}" />
    <property name="javadoc.html5" value="false" />
    <property name="org.openide.specification.version" value="6.2" />
    <property name="platforms.JDK_1.8__64_bits_.home" value="C:\Program Files\Java\jdk1.8.0_172" />
    <property name="user.home" value="C:\Users\Usuari" />
    <property name="annotation.processing.processors.list" value="" />
    <property name="sun.zip.disableMemoryMapping" value="true" />
    <property name="platform.javac.tmp" value="${platforms.JDK_1.8__64_bits_.javac}" />
    <property name="libs.JWSAntTasks.src" value="" />
    <property name="jar.index" value="false" />
    <property name="libs.CopyLibs.maven-pom" value="" />
    <property name="ant.file.type.Enunciat" value="file" />
    <property name="libs.spring-framework300.javadoc" value="" />
    <property name="libs.absolutelayout.javadoc" value="" />
    <property name="java.specification.name" value="Java Platform API Specification" />
    <property name="ant.file.Enunciat" value="E:\Docencia\Material_Moduls\M5_ED\repoGit\ICX0_M05_ED_19_20\UF2\7_TheHoseOfIfs\build.xml" />
    <property name="jlink.strip" value="false" />
    <property name="java.specification.vendor" value="Oracle Corporation" />
    <property name="libs.javac-api.classpath" value="" />
    <property name="java.version" value="1.8.0_172" />
    <property name="run.jvmargs.ide" value="" />
    <property name="javadoc.version" value="false" />
    <property name="javac.processormodulepath" value="" />
    <property name="org.openide.version" value="deprecated" />
    <property name="platform.java" value="C:\Program Files\Java\jdk1.8.0_172/bin/java" />
    <property name="source.encoding" value="windows-1250" />
    <property name="java.vm.compressedOopsMode" value="32-bit" />
    <property name="ap.cmd.line.internal" value="" />
    <property name="libs.eclipselinkmodelgen.maven-pom" value="" />
    <property name="libs.eclipselinkmodelgen.javadoc" value="" />
    <property name="netbeans.home+have.tests" value="true" />
    <property name="annotation.processing.processor.options" value="" />
    <property name="libs.testng.maven-pom" value="" />
    <property name="libs.jaxb.src" value="" />
    <property name="work.dir" value="E:\Docencia\Material_Moduls\M5_ED\repoGit\ICX0_M05_ED_19_20\UF2\7_TheHoseOfIfs" />
    <property name="libs.jaxb.classpath" value="C:\NetBeans\ide\modules\ext\jaxb\jaxb-impl-2.2.5-2.jar;C:\NetBeans\ide\modules\ext\jaxb\jaxb-xjc-2.2.5-2.jar;C:\NetBeans\ide\modules\ext\jaxb\jaxb1-impl-2.2.5-2.jar;C:\NetBeans\ide\modules\ext\jaxb\activation.jar;C:\NetBeans\ide\modules\ext\jaxb\api\jaxb-api.jar" />
    <property name="php.global.include.path" value="" />
    <property name="do.depend" value="false" />
    <property name="dist.javadoc.dir" value="dist/javadoc" />
    <property name="file.reference.jmockit-coverage.jar" value="lib/jmockit-coverage.jar" />
    <property name="build.generated.dir" value="build/generated" />
    <property name="javac.source" value="1.8" />
    <property name="java.version.date" value="2018-04-17" />
    <property name="line.separator" value="&#xd;&#xa;" />
    <property name="java.specification.version" value="1.8" />
    <property name="libs.jaxws21.maven-pom" value="" />
    <property name="java.vm.info" value="mixed mode" />
    <property name="nb.junit.batch" value="true" />
    <property name="junit.forkmode" value="perTest" />
    <property name="platforms.JDK_1.6__64_bits_.bootclasspath" value="C:\Program Files\jasperreports-server-cp-5.1.0\java\jre\lib\resources.jar;C:\Program Files\jasperreports-server-cp-5.1.0\java\jre\lib\rt.jar;C:\Program Files\jasperreports-server-cp-5.1.0\java\jre\lib\sunrsasign.jar;C:\Program Files\jasperreports-server-cp-5.1.0\java\jre\lib\jsse.jar;C:\Program Files\jasperreports-server-cp-5.1.0\java\jre\lib\jce.jar;C:\Program Files\jasperreports-server-cp-5.1.0\java\jre\lib\charsets.jar;C:\Program Files\jasperreports-server-cp-5.1.0\java\jre\classes;C:\Program Files\jasperreports-server-cp-5.1.0\java\jre\lib\ext\dnsns.jar;C:\Program Files\jasperreports-server-cp-5.1.0\java\jre\lib\ext\localedata.jar;C:\Program Files\jasperreports-server-cp-5.1.0\java\jre\lib\ext\sunjce_provider.jar" />
    <property name="netbeans.logger.console" value="true" />
    <property name="platform.java.tmp" value="${platforms.JDK_1.8__64_bits_.java}" />
    <property name="sun.boot.class.path" value="C:\Program Files\Java\jdk1.8.0_172\jre\lib\resources.jar;C:\Program Files\Java\jdk1.8.0_172\jre\lib\rt.jar;C:\Program Files\Java\jdk1.8.0_172\jre\lib\sunrsasign.jar;C:\Program Files\Java\jdk1.8.0_172\jre\lib\jsse.jar;C:\Program Files\Java\jdk1.8.0_172\jre\lib\jce.jar;C:\Program Files\Java\jdk1.8.0_172\jre\lib\charsets.jar;C:\Program Files\Java\jdk1.8.0_172\jre\lib\jfr.jar;C:\Program Files\Java\jdk1.8.0_172\jre\classes" />
    <property name="javac.target" value="1.8" />
    <property name="built-jar.properties" value="E:\Docencia\Material_Moduls\M5_ED\repoGit\ICX0_M05_ED_19_20\UF2\7_TheHoseOfIfs\build\built-jar.properties" />
    <property name="build.test.classes.dir" value="build/test/classes" />
    <property name="src.dir" value="src" />
    <property name="javac.test.compilerargs" value="" />
    <property name="annotation.processing.enabled" value="true" />
    <property name="sun.awt.keepWorkingSetOnMinimize" value="true" />
    <property name="libs.jpa20-persistence.src" value="" />
    <property name="dist.dir" value="dist" />
    <property name="jlink.launcher" value="false" />
    <property name="testng.debug.mode" value="" />
    <property name="java.awt.printerjob" value="sun.awt.windows.WPrinterJob" />
    <property name="default.javac.source" value="10" />
    <property name="debug-transport-by-os" value="dt_shmem" />
    <property name="sun.jnu.encoding" value="Cp1252" />
    <property name="run.test.jvmargs" value="" />
    <property name="java.runtime.version" value="1.8.0_172-b11" />
    <property name="build.test.results.dir" value="build/test/results" />
    <property name="default.javac.target" value="10" />
    <property name="libs.junit_4.classpath" value="C:\NetBeans\platform\modules\ext\junit-4.12.jar" />
    <property name="user.timezone" value="" />
    <property name="nb.junit.single" value="false" />
    <property name="do.jar" value="true" />
    <property name="ant.file.Enunciat-impl" value="E:\Docencia\Material_Moduls\M5_ED\repoGit\ICX0_M05_ED_19_20\UF2\7_TheHoseOfIfs\nbproject\build-impl.xml" />
    <property name="netbeans.dirs" value="C:\NetBeans\nb;C:\NetBeans\ergonomics;C:\NetBeans\ide;C:\NetBeans\extide;C:\NetBeans\java;C:\NetBeans\apisupport;C:\NetBeans\webcommon;C:\NetBeans\websvccommon;C:\NetBeans\enterprise;C:\NetBeans\mobility;C:\NetBeans\profiler;C:\NetBeans\python;C:\NetBeans\php;C:\NetBeans\identity;C:\NetBeans\harness;C:\NetBeans\cnd;C:\NetBeans\cndext;C:\NetBeans\dlight;C:\NetBeans\groovy;C:\NetBeans\extra;C:\NetBeans\javacard;C:\NetBeans\javafx" />
    <property name="java.ext.dirs" value="C:\Program Files\Java\jdk1.8.0_172\jre\lib\ext;C:\WINDOWS\Sun\Java\lib\ext" />
    <property name="platforms.JDK_1.6__64_bits_.compiler" value="modern" />
    <property name="endorsed.classpath" value="" />
    <property name="libs.absolutelayout.classpath" value="C:\NetBeans\java\modules\ext\AbsoluteLayout.jar" />
    <property name="excludes" value="" />
    <property name="platforms.JDK_1.6__32_bits_.home" value="C:\Program Files (x86)\Adobe\Adobe Dreamweaver CS5.5\jdk" />
    <property name="java.class.path" value="E:\Docencia\Material_Moduls\M5_ED\repoGit\ICX0_M05_ED_19_20\UF2\7_TheHoseOfIfs\lib\jmockit-coverage.jar;E:\Docencia\Material_Moduls\M5_ED\repoGit\ICX0_M05_ED_19_20\UF2\7_TheHoseOfIfs\lib\jmockit.jar;E:\Docencia\Material_Moduls\M5_ED\repoGit\ICX0_M05_ED_19_20\UF2\7_TheHoseOfIfs\build\classes;C:\NetBeans\platform\modules\ext\junit-4.12.jar;C:\NetBeans\platform\modules\ext\hamcrest-core-1.3.jar;E:\Docencia\Material_Moduls\M5_ED\repoGit\ICX0_M05_ED_19_20\UF2\7_TheHoseOfIfs\build\test\classes;C:\NetBeans\extide\ant\lib\ant-launcher.jar;C:\NetBeans\extide\ant\lib\ant.jar;C:\NetBeans\extide\ant\lib\ant-junit.jar;C:\NetBeans\extide\ant\lib\ant-junit4.jar;C:\Users\Usuari\AppData\Roaming\NetBeans\dev\modules\ext\jacocoagent.jar" />
    <property name="apple.laf.useScreenMenuBar" value="true" />
    <property name="do.mkdist" value="true" />
    <property name="libs.absolutelayout.src" value="" />
    <property name="libs.jpa20-persistence.classpath" value="C:\NetBeans\java\modules\ext\eclipselink\javax.persistence-2.1.0.jar" />
    <property name="os.version" value="10.0" />
    <property name="application.args" value="" />
    <property name="sun.awt.enableExtraMouseButtons" value="true" />
    <property name="jlink.launcher.name" value="Enunciat" />
    <property name="sun.desktop" value="windows" />
    <property name="run.test.modulepath" value="" />
    <property name="libs.JAXB-ENDORSED.classpath" value="C:\NetBeans\ide\modules\ext\jaxb\api\jaxb-api.jar" />
    <property name="libs.eclipselink.classpath" value="C:\NetBeans\java\modules\ext\eclipselink\org.eclipse.persistence.core-2.5.2.jar;C:\NetBeans\java\modules\ext\eclipselink\org.eclipse.persistence.asm-2.5.2.jar;C:\NetBeans\java\modules\ext\eclipselink\org.eclipse.persistence.antlr-2.5.2.jar;C:\NetBeans\java\modules\ext\eclipselink\org.eclipse.persistence.jpa-2.5.2.jar;C:\NetBeans\java\modules\ext\eclipselink\org.eclipse.persistence.jpa.jpql-2.5.2.jar;C:\NetBeans\java\modules\ext\eclipselink\javax.persistence-2.1.0.jar" />
    <property name="java.awt.graphicsenv" value="sun.awt.Win32GraphicsEnvironment" />
    <property name="java.vm.vendor" value="Oracle Corporation" />
    <property name="libs.CopyLibs.classpath" value="C:\NetBeans\java\ant\extra\org-netbeans-modules-java-j2seproject-copylibstask.jar" />
    <property name="libs.spring-framework300.classpath" value="C:\NetBeans\ide\modules\org-apache-commons-logging.jar;C:\NetBeans\java\modules\ext\cglib-2.2.jar;C:\NetBeans\java\modules\ext\spring-3.0\spring-aop-3.2.7.RELEASE.jar;C:\NetBeans\java\modules\ext\spring-3.0\spring-aspects-3.2.7.RELEASE.jar;C:\NetBeans\java\modules\ext\spring-3.0\spring-beans-3.2.7.RELEASE.jar;C:\NetBeans\java\modules\ext\spring-3.0\spring-build-src-3.2.7.RELEASE.jar;C:\NetBeans\java\modules\ext\spring-3.0\spring-context-3.2.7.RELEASE.jar;C:\NetBeans\java\modules\ext\spring-3.0\spring-context-support-3.2.7.RELEASE.jar;C:\NetBeans\java\modules\ext\spring-3.0\spring-core-3.2.7.RELEASE.jar;C:\NetBeans\java\modules\ext\spring-3.0\spring-expression-3.2.7.RELEASE.jar;C:\NetBeans\java\modules\ext\spring-3.0\spring-framework-bom-3.2.7.RELEASE.jar;C:\NetBeans\java\modules\ext\spring-3.0\spring-instrument-3.2.7.RELEASE.jar;C:\NetBeans\java\modules\ext\spring-3.0\spring-instrument-tomcat-3.2.7.RELEASE.jar;C:\NetBeans\java\modules\ext\spring-3.0\spring-jdbc-3.2.7.RELEASE.jar;C:\NetBeans\java\modules\ext\spring-3.0\spring-jms-3.2.7.RELEASE.jar;C:\NetBeans\java\modules\ext\spring-3.0\spring-orm-3.2.7.RELEASE.jar;C:\NetBeans\java\modules\ext\spring-3.0\spring-oxm-3.2.7.RELEASE.jar;C:\NetBeans\java\modules\ext\spring-3.0\spring-struts-3.2.7.RELEASE.jar;C:\NetBeans\java\modules\ext\spring-3.0\spring-test-3.2.7.RELEASE.jar;C:\NetBeans\java\modules\ext\spring-3.0\spring-tx-3.2.7.RELEASE.jar;C:\NetBeans\java\modules\ext\spring-3.0\spring-web-3.2.7.RELEASE.jar;C:\NetBeans\java\modules\ext\spring-3.0\spring-webmvc-3.2.7.RELEASE.jar;C:\NetBeans\java\modules\ext\spring-3.0\spring-webmvc-portlet-3.2.7.RELEASE.jar" />
    <property name="libs.hamcrest.src" value="" />
    <property name="run.jvmargs" value="-Dcoverage-metrics=all  -javaagent:&quot;C:\Users\Usuari\AppData\Roaming\NetBeans\dev\modules\ext\jacocoagent.jar&quot;=includes=aillament.*:capsa_blanca.*:capsa_negra.*,destfile=&quot;E:\Docencia\Material_Moduls\M5_ED\repoGit\ICX0_M05_ED_19_20\UF2\7_TheHoseOfIfs\jacoco.exec-768549042746539&quot;" />
    <property name="dist.archive.excludes" value="" />
    <property name="libs.JAXB-ENDORSED.src" value="" />
    <property name="libs.testng.javadoc" value="C:\NetBeans\platform\docs\testng-6.8.1-javadoc.zip" />
    <property name="libs.PostgreSQLDriver.classpath" value="C:\NetBeans\ide\modules\ext\postgresql-9.4.1209.jar" />
    <property name="user.script" value="" />
    <property name="annotation.processing.source.output" value="build/generated-sources/ap-source-output" />
    <property name="main.class" value="" />
    <property name="build.dir" value="build" />
    <property name="libs.CopyLibs.src" value="" />
    <property name="debug.modulepath" value="" />
    <property name="ant.version" value="Apache Ant(TM) version 1.10.1 compiled on February 2 2017" />
    <property name="build.classes.excludes" value="**/*.java,**/*.form" />
    <property name="file.encoding" value="Cp1252" />
    <property name="javadoc.nonavbar" value="false" />
    <property name="platform.active" value="JDK_1.8__64_bits_" />
    <property name="awt.toolkit" value="sun.awt.windows.WToolkit" />
  </properties>
  <testcase classname="aillament.BotigaTest" name="testCompraProducte" time="0.018">
    <error message="BD no disponible als tests !!" type="java.lang.UnsupportedOperationException">java.lang.UnsupportedOperationException: BD no disponible als tests !!
	at aillament.ProducteBD.getStockProducte(ProducteBD.java:10)
	at aillament.Botiga.compraProducte(Botiga.java:13)
	at aillament.BotigaTest.testCompraProducte(BotigaTest.java:25)
</error>
  </testcase>
  <system-out><![CDATA[]]></system-out>
  <system-err><![CDATA[]]></system-err>
</testsuite>
